<?xml version="1.0" encoding="UTF-8"?>
<coverage generated="1648741771202" clover="3.2.0">
  <project timestamp="1648741771202" name="All files">
    <metrics statements="37" coveredstatements="37" conditionals="17" coveredconditionals="17" methods="7" coveredmethods="7" elements="61" coveredelements="61" complexity="0" loc="37" ncloc="37" packages="1" files="1" classes="1"/>
    <file name="index.ts" path="C:\Users\Vinicius Tonelli\Documents\GitHub\add-git-tag\src\index.ts">
      <metrics statements="37" coveredstatements="37" conditionals="17" coveredconditionals="17" methods="7" coveredmethods="7"/>
      <line num="5" count="1" type="stmt"/>
      <line num="6" count="5" type="stmt"/>
      <line num="10" count="17" type="stmt"/>
      <line num="12" count="5" type="cond" truecount="2" falsecount="0"/>
      <line num="13" count="1" type="stmt"/>
      <line num="17" count="1" type="stmt"/>
      <line num="18" count="8" type="stmt"/>
      <line num="19" count="8" type="stmt"/>
      <line num="21" count="8" type="cond" truecount="2" falsecount="0"/>
      <line num="22" count="1" type="stmt"/>
      <line num="25" count="8" type="stmt"/>
      <line num="28" count="8" type="stmt"/>
      <line num="31" count="8" type="cond" truecount="2" falsecount="0"/>
      <line num="32" count="1" type="stmt"/>
      <line num="34" count="7" type="stmt"/>
      <line num="36" count="7" type="cond" truecount="2" falsecount="0"/>
      <line num="37" count="25" type="cond" truecount="2" falsecount="0"/>
      <line num="40" count="1" type="stmt"/>
      <line num="41" count="7" type="stmt"/>
      <line num="42" count="7" type="stmt"/>
      <line num="43" count="7" type="cond" truecount="2" falsecount="0"/>
      <line num="44" count="1" type="stmt"/>
      <line num="46" count="6" type="stmt"/>
      <line num="47" count="6" type="stmt"/>
      <line num="48" count="6" type="cond" truecount="2" falsecount="0"/>
      <line num="49" count="1" type="stmt"/>
      <line num="51" count="5" type="stmt"/>
      <line num="54" count="1" type="stmt"/>
      <line num="55" count="5" type="stmt"/>
      <line num="56" count="4" type="stmt"/>
      <line num="57" count="4" type="cond" truecount="2" falsecount="0"/>
      <line num="58" count="1" type="stmt"/>
      <line num="62" count="1" type="cond" truecount="1" falsecount="0"/>
      <line num="63" count="8" type="stmt"/>
      <line num="64" count="7" type="stmt"/>
      <line num="65" count="5" type="stmt"/>
      <line num="66" count="3" type="stmt"/>
    </file>
  </project>
</coverage>
