{"C:\\Users\\Vinicius Tonelli\\Documents\\GitHub\\add-git-tag\\src\\index.ts": {"path":"C:\\Users\\Vinicius Tonelli\\Documents\\GitHub\\add-git-tag\\src\\index.ts","statementMap":{"0":{"start":{"line":6,"column":25},"end":{"line":14,"column":1}},"1":{"start":{"line":7,"column":14},"end":{"line":7,"column":67}},"2":{"start":{"line":8,"column":2},"end":{"line":10,"column":3}},"3":{"start":{"line":9,"column":4},"end":{"line":9,"column":20}},"4":{"start":{"line":11,"column":2},"end":{"line":13,"column":3}},"5":{"start":{"line":12,"column":4},"end":{"line":12,"column":43}},"6":{"start":{"line":16,"column":34},"end":{"line":40,"column":1}},"7":{"start":{"line":17,"column":29},"end":{"line":17,"column":75}},"8":{"start":{"line":18,"column":23},"end":{"line":18,"column":25}},"9":{"start":{"line":20,"column":2},"end":{"line":22,"column":3}},"10":{"start":{"line":21,"column":4},"end":{"line":21,"column":54}},"11":{"start":{"line":24,"column":2},"end":{"line":24,"column":42}},"12":{"start":{"line":25,"column":2},"end":{"line":27,"column":5}},"13":{"start":{"line":29,"column":2},"end":{"line":29,"column":64}},"14":{"start":{"line":31,"column":2},"end":{"line":38,"column":3}},"15":{"start":{"line":32,"column":4},"end":{"line":32,"column":45}},"16":{"start":{"line":34,"column":4},"end":{"line":37,"column":17}},"17":{"start":{"line":36,"column":21},"end":{"line":36,"column":49}},"18":{"start":{"line":39,"column":2},"end":{"line":39,"column":24}},"19":{"start":{"line":42,"column":34},"end":{"line":54,"column":1}},"20":{"start":{"line":43,"column":23},"end":{"line":43,"column":51}},"21":{"start":{"line":44,"column":26},"end":{"line":44,"column":73}},"22":{"start":{"line":45,"column":2},"end":{"line":47,"column":3}},"23":{"start":{"line":46,"column":4},"end":{"line":46,"column":46}},"24":{"start":{"line":48,"column":30},"end":{"line":48,"column":71}},"25":{"start":{"line":49,"column":27},"end":{"line":49,"column":50}},"26":{"start":{"line":50,"column":2},"end":{"line":52,"column":3}},"27":{"start":{"line":51,"column":4},"end":{"line":51,"column":54}},"28":{"start":{"line":53,"column":2},"end":{"line":53,"column":29}},"29":{"start":{"line":56,"column":32},"end":{"line":65,"column":1}},"30":{"start":{"line":57,"column":2},"end":{"line":57,"column":34}},"31":{"start":{"line":58,"column":14},"end":{"line":58,"column":50}},"32":{"start":{"line":59,"column":2},"end":{"line":61,"column":3}},"33":{"start":{"line":60,"column":4},"end":{"line":60,"column":20}},"34":{"start":{"line":62,"column":2},"end":{"line":64,"column":3}},"35":{"start":{"line":63,"column":4},"end":{"line":63,"column":43}},"36":{"start":{"line":67,"column":25},"end":{"line":72,"column":1}},"37":{"start":{"line":68,"column":22},"end":{"line":68,"column":48}},"38":{"start":{"line":69,"column":18},"end":{"line":69,"column":49}},"39":{"start":{"line":70,"column":2},"end":{"line":70,"column":41}},"40":{"start":{"line":71,"column":2},"end":{"line":71,"column":61}}},"fnMap":{"0":{"name":"(anonymous_0)","decl":{"start":{"line":6,"column":25},"end":{"line":6,"column":26}},"loc":{"start":{"line":6,"column":59},"end":{"line":14,"column":1}},"line":6},"1":{"name":"(anonymous_1)","decl":{"start":{"line":16,"column":34},"end":{"line":16,"column":35}},"loc":{"start":{"line":16,"column":46},"end":{"line":40,"column":1}},"line":16},"2":{"name":"(anonymous_2)","decl":{"start":{"line":36,"column":11},"end":{"line":36,"column":12}},"loc":{"start":{"line":36,"column":21},"end":{"line":36,"column":49}},"line":36},"3":{"name":"(anonymous_3)","decl":{"start":{"line":42,"column":34},"end":{"line":42,"column":35}},"loc":{"start":{"line":42,"column":74},"end":{"line":54,"column":1}},"line":42},"4":{"name":"(anonymous_4)","decl":{"start":{"line":56,"column":32},"end":{"line":56,"column":33}},"loc":{"start":{"line":56,"column":66},"end":{"line":65,"column":1}},"line":56},"5":{"name":"(anonymous_5)","decl":{"start":{"line":67,"column":25},"end":{"line":67,"column":26}},"loc":{"start":{"line":67,"column":72},"end":{"line":72,"column":1}},"line":67}},"branchMap":{"0":{"loc":{"start":{"line":8,"column":2},"end":{"line":10,"column":3}},"type":"if","locations":[{"start":{"line":8,"column":2},"end":{"line":10,"column":3}},{"start":{},"end":{}}],"line":8},"1":{"loc":{"start":{"line":11,"column":2},"end":{"line":13,"column":3}},"type":"if","locations":[{"start":{"line":11,"column":2},"end":{"line":13,"column":3}},{"start":{},"end":{}}],"line":11},"2":{"loc":{"start":{"line":20,"column":2},"end":{"line":22,"column":3}},"type":"if","locations":[{"start":{"line":20,"column":2},"end":{"line":22,"column":3}},{"start":{},"end":{}}],"line":20},"3":{"loc":{"start":{"line":31,"column":2},"end":{"line":38,"column":3}},"type":"if","locations":[{"start":{"line":31,"column":2},"end":{"line":38,"column":3}},{"start":{"line":33,"column":9},"end":{"line":38,"column":3}}],"line":31},"4":{"loc":{"start":{"line":36,"column":28},"end":{"line":36,"column":46}},"type":"cond-expr","locations":[{"start":{"line":36,"column":36},"end":{"line":36,"column":39}},{"start":{"line":36,"column":42},"end":{"line":36,"column":46}}],"line":36},"5":{"loc":{"start":{"line":45,"column":2},"end":{"line":47,"column":3}},"type":"if","locations":[{"start":{"line":45,"column":2},"end":{"line":47,"column":3}},{"start":{},"end":{}}],"line":45},"6":{"loc":{"start":{"line":50,"column":2},"end":{"line":52,"column":3}},"type":"if","locations":[{"start":{"line":50,"column":2},"end":{"line":52,"column":3}},{"start":{},"end":{}}],"line":50},"7":{"loc":{"start":{"line":59,"column":2},"end":{"line":61,"column":3}},"type":"if","locations":[{"start":{"line":59,"column":2},"end":{"line":61,"column":3}},{"start":{},"end":{}}],"line":59},"8":{"loc":{"start":{"line":62,"column":2},"end":{"line":64,"column":3}},"type":"if","locations":[{"start":{"line":62,"column":2},"end":{"line":64,"column":3}},{"start":{},"end":{}}],"line":62},"9":{"loc":{"start":{"line":67,"column":32},"end":{"line":67,"column":67}},"type":"default-arg","locations":[{"start":{"line":67,"column":54},"end":{"line":67,"column":67}}],"line":67}},"s":{"0":1,"1":7,"2":7,"3":1,"4":6,"5":1,"6":1,"7":9,"8":9,"9":9,"10":1,"11":9,"12":9,"13":9,"14":9,"15":1,"16":8,"17":32,"18":9,"19":1,"20":9,"21":9,"22":9,"23":1,"24":8,"25":8,"26":8,"27":1,"28":7,"29":1,"30":7,"31":5,"32":5,"33":1,"34":4,"35":1,"36":1,"37":9,"38":9,"39":7,"40":3},"f":{"0":7,"1":9,"2":32,"3":9,"4":7,"5":9},"b":{"0":[1,6],"1":[1,5],"2":[1,8],"3":[1,8],"4":[8,24],"5":[1,8],"6":[1,7],"7":[1,4],"8":[1,3],"9":[7]},"_coverageSchema":"1a1c01bbd47fc00a2c39e90264f33305004495a9","hash":"7c562c5586832a4ccdf2d11b7ca9d086778ff9ae"}
}
