{"C:\\Users\\Vinicius Tonelli\\Documents\\GitHub\\add-git-tag\\src\\cli.ts": {"path":"C:\\Users\\Vinicius Tonelli\\Documents\\GitHub\\add-git-tag\\src\\cli.ts","statementMap":{"0":{"start":{"line":3,"column":0},"end":{"line":3,"column":36}},"1":{"start":{"line":4,"column":0},"end":{"line":4,"column":58}},"2":{"start":{"line":6,"column":24},"end":{"line":9,"column":1}},"3":{"start":{"line":7,"column":23},"end":{"line":7,"column":71}},"4":{"start":{"line":8,"column":2},"end":{"line":8,"column":33}},"5":{"start":{"line":6,"column":13},"end":{"line":6,"column":24}},"6":{"start":{"line":11,"column":26},"end":{"line":20,"column":1}},"7":{"start":{"line":12,"column":2},"end":{"line":19,"column":4}},"8":{"start":{"line":12,"column":34},"end":{"line":19,"column":4}},"9":{"start":{"line":13,"column":4},"end":{"line":18,"column":null}},"10":{"start":{"line":14,"column":6},"end":{"line":14,"column":29}},"11":{"start":{"line":16,"column":6},"end":{"line":16,"column":29}},"12":{"start":{"line":17,"column":6},"end":{"line":17,"column":27}},"13":{"start":{"line":11,"column":13},"end":{"line":11,"column":26}},"14":{"start":{"line":22,"column":0},"end":{"line":49,"column":32}},"15":{"start":{"line":51,"column":0},"end":{"line":51,"column":28}}},"fnMap":{"0":{"name":"(anonymous_7)","decl":{"start":{"line":6,"column":24},"end":{"line":6,"column":25}},"loc":{"start":{"line":6,"column":36},"end":{"line":9,"column":1}}},"1":{"name":"(anonymous_8)","decl":{"start":{"line":11,"column":26},"end":{"line":11,"column":27}},"loc":{"start":{"line":11,"column":66},"end":{"line":20,"column":1}}},"2":{"name":"(anonymous_9)","decl":{"start":{"line":12,"column":9},"end":{"line":12,"column":16}},"loc":{"start":{"line":12,"column":34},"end":{"line":19,"column":4}}},"3":{"name":"(anonymous_10)","decl":{"start":{"line":12,"column":34},"end":{"line":12,"column":null}},"loc":{"start":{"line":12,"column":34},"end":{"line":19,"column":3}}}},"branchMap":{},"s":{"0":1,"1":1,"2":1,"3":2,"4":2,"5":1,"6":1,"7":2,"8":2,"9":2,"10":2,"11":1,"12":1,"13":1,"14":1,"15":1},"f":{"0":2,"1":2,"2":2,"3":2},"b":{}}
,"C:\\Users\\Vinicius Tonelli\\Documents\\GitHub\\add-git-tag\\src\\config.ts": {"path":"C:\\Users\\Vinicius Tonelli\\Documents\\GitHub\\add-git-tag\\src\\config.ts","statementMap":{"0":{"start":{"line":1,"column":0},"end":{"line":1,"column":24}},"1":{"start":{"line":2,"column":0},"end":{"line":2,"column":20}},"2":{"start":{"line":3,"column":0},"end":{"line":3,"column":37}},"3":{"start":{"line":5,"column":0},"end":{"line":5,"column":13}},"4":{"start":{"line":15,"column":2},"end":{"line":15,"column":38}},"5":{"start":{"line":16,"column":2},"end":{"line":17,"column":73}},"6":{"start":{"line":18,"column":2},"end":{"line":18,"column":37}},"7":{"start":{"line":19,"column":2},"end":{"line":19,"column":36}},"8":{"start":{"line":14,"column":0},"end":{"line":14,"column":13}},"9":{"start":{"line":24,"column":4},"end":{"line":24,"column":12}},"10":{"start":{"line":23,"column":21},"end":{"line":23,"column":38}},"11":{"start":{"line":30,"column":2},"end":{"line":34,"column":4}},"12":{"start":{"line":31,"column":19},"end":{"line":31,"column":35}},"13":{"start":{"line":32,"column":4},"end":{"line":32,"column":61}},"14":{"start":{"line":33,"column":4},"end":{"line":33,"column":14}},"15":{"start":{"line":25,"column":4},"end":{"line":27,"column":67}},"16":{"start":{"line":26,"column":6},"end":{"line":26,"column":74}},"17":{"start":{"line":27,"column":9},"end":{"line":27,"column":67}},"18":{"start":{"line":22,"column":0},"end":{"line":22,"column":13}},"19":{"start":{"line":38,"column":2},"end":{"line":38,"column":30}},"20":{"start":{"line":37,"column":0},"end":{"line":37,"column":16}},"21":{"start":{"line":42,"column":17},"end":{"line":42,"column":33}},"22":{"start":{"line":43,"column":2},"end":{"line":46,"column":4}},"23":{"start":{"line":41,"column":0},"end":{"line":41,"column":16}},"24":{"start":{"line":49,"column":21},"end":{"line":49,"column":35}},"25":{"start":{"line":51,"column":0},"end":{"line":51,"column":28}}},"fnMap":{"0":{"name":"(anonymous_1)","decl":{"start":{"line":14,"column":0},"end":{"line":14,"column":13}},"loc":{"start":{"line":14,"column":0},"end":{"line":20,"column":1}}},"1":{"name":"(anonymous_2)","decl":{"start":{"line":23,"column":2},"end":{"line":23,"column":21}},"loc":{"start":{"line":23,"column":38},"end":{"line":28,"column":3}}},"2":{"name":"(anonymous_3)","decl":{"start":{"line":30,"column":14},"end":{"line":30,"column":15}},"loc":{"start":{"line":30,"column":27},"end":{"line":34,"column":3}}},"3":{"name":"loadConfig","decl":{"start":{"line":37,"column":16},"end":{"line":37,"column":26}},"loc":{"start":{"line":37,"column":44},"end":{"line":39,"column":1}}},"4":{"name":"saveConfig","decl":{"start":{"line":41,"column":16},"end":{"line":41,"column":26}},"loc":{"start":{"line":41,"column":41},"end":{"line":47,"column":1}}}},"branchMap":{"0":{"loc":{"start":{"line":25,"column":4},"end":{"line":27,"column":67}},"type":"if","locations":[{"start":{"line":25,"column":4},"end":{"line":27,"column":67}},{"start":{"line":27,"column":9},"end":{"line":27,"column":67}}]}},"s":{"0":9,"1":9,"2":9,"3":9,"4":40,"5":40,"6":40,"7":40,"8":9,"9":32,"10":32,"11":32,"12":6,"13":6,"14":6,"15":32,"16":4,"17":28,"18":9,"19":19,"20":9,"21":2,"22":2,"23":9,"24":9,"25":9},"f":{"0":40,"1":32,"2":6,"3":19,"4":2},"b":{"0":[4,28]}}
,"C:\\Users\\Vinicius Tonelli\\Documents\\GitHub\\add-git-tag\\src\\index.ts": {"path":"C:\\Users\\Vinicius Tonelli\\Documents\\GitHub\\add-git-tag\\src\\index.ts","statementMap":{"0":{"start":{"line":1,"column":0},"end":{"line":1,"column":42}},"1":{"start":{"line":2,"column":0},"end":{"line":2,"column":20}},"2":{"start":{"line":3,"column":0},"end":{"line":3,"column":24}},"3":{"start":{"line":4,"column":0},"end":{"line":4,"column":35}},"4":{"start":{"line":5,"column":0},"end":{"line":5,"column":null}},"5":{"start":{"line":9,"column":0},"end":{"line":9,"column":58}},"6":{"start":{"line":10,"column":0},"end":{"line":10,"column":47}},"7":{"start":{"line":11,"column":0},"end":{"line":11,"column":39}},"8":{"start":{"line":22,"column":13},"end":{"line":29,"column":2}},"9":{"start":{"line":31,"column":25},"end":{"line":41,"column":1}},"10":{"start":{"line":32,"column":14},"end":{"line":37,"column":4}},"11":{"start":{"line":36,"column":30},"end":{"line":36,"column":39}},"12":{"start":{"line":38,"column":2},"end":{"line":40,"column":null}},"13":{"start":{"line":39,"column":4},"end":{"line":39,"column":20}},"14":{"start":{"line":31,"column":13},"end":{"line":31,"column":25}},"15":{"start":{"line":43,"column":34},"end":{"line":68,"column":2}},"16":{"start":{"line":43,"column":74},"end":{"line":68,"column":2}},"17":{"start":{"line":44,"column":23},"end":{"line":44,"column":25}},"18":{"start":{"line":45,"column":2},"end":{"line":64,"column":null}},"19":{"start":{"line":46,"column":31},"end":{"line":46,"column":77}},"20":{"start":{"line":48,"column":4},"end":{"line":50,"column":null}},"21":{"start":{"line":49,"column":6},"end":{"line":49,"column":56}},"22":{"start":{"line":52,"column":4},"end":{"line":54,"column":6}},"23":{"start":{"line":55,"column":17},"end":{"line":57,"column":6}},"24":{"start":{"line":58,"column":4},"end":{"line":60,"column":null}},"25":{"start":{"line":59,"column":6},"end":{"line":59,"column":23}},"26":{"start":{"line":61,"column":4},"end":{"line":61,"column":66}},"27":{"start":{"line":63,"column":4},"end":{"line":63,"column":43}},"28":{"start":{"line":66,"column":2},"end":{"line":66,"column":64}},"29":{"start":{"line":66,"column":23},"end":{"line":66,"column":64}},"30":{"start":{"line":67,"column":2},"end":{"line":67,"column":75}},"31":{"start":{"line":67,"column":50},"end":{"line":67,"column":73}},"32":{"start":{"line":43,"column":13},"end":{"line":43,"column":34}},"33":{"start":{"line":70,"column":27},"end":{"line":79,"column":1}},"34":{"start":{"line":71,"column":23},"end":{"line":71,"column":51}},"35":{"start":{"line":72,"column":26},"end":{"line":72,"column":73}},"36":{"start":{"line":73,"column":2},"end":{"line":75,"column":null}},"37":{"start":{"line":74,"column":4},"end":{"line":74,"column":46}},"38":{"start":{"line":76,"column":30},"end":{"line":76,"column":71}},"39":{"start":{"line":77,"column":27},"end":{"line":77,"column":50}},"40":{"start":{"line":78,"column":2},"end":{"line":78,"column":21}},"41":{"start":{"line":70,"column":13},"end":{"line":70,"column":27}},"42":{"start":{"line":81,"column":34},"end":{"line":86,"column":1}},"43":{"start":{"line":82,"column":2},"end":{"line":84,"column":null}},"44":{"start":{"line":83,"column":4},"end":{"line":83,"column":54}},"45":{"start":{"line":85,"column":2},"end":{"line":85,"column":29}},"46":{"start":{"line":81,"column":13},"end":{"line":81,"column":34}},"47":{"start":{"line":88,"column":32},"end":{"line":94,"column":1}},"48":{"start":{"line":89,"column":2},"end":{"line":89,"column":34}},"49":{"start":{"line":90,"column":14},"end":{"line":90,"column":50}},"50":{"start":{"line":91,"column":2},"end":{"line":93,"column":null}},"51":{"start":{"line":92,"column":4},"end":{"line":92,"column":20}},"52":{"start":{"line":88,"column":13},"end":{"line":88,"column":32}},"53":{"start":{"line":96,"column":25},"end":{"line":103,"column":2}},"54":{"start":{"line":96,"column":67},"end":{"line":103,"column":2}},"55":{"start":{"line":97,"column":15},"end":{"line":97,"column":45}},"56":{"start":{"line":98,"column":2},"end":{"line":101,"column":null}},"57":{"start":{"line":99,"column":4},"end":{"line":99,"column":31}},"58":{"start":{"line":100,"column":4},"end":{"line":100,"column":23}},"59":{"start":{"line":102,"column":2},"end":{"line":102,"column":16}},"60":{"start":{"line":96,"column":13},"end":{"line":96,"column":25}},"61":{"start":{"line":105,"column":26},"end":{"line":108,"column":5}},"62":{"start":{"line":106,"column":2},"end":{"line":108,"column":5}},"63":{"start":{"line":105,"column":13},"end":{"line":105,"column":26}},"64":{"start":{"line":110,"column":30},"end":{"line":111,"column":77}},"65":{"start":{"line":110,"column":72},"end":{"line":111,"column":77}},"66":{"start":{"line":111,"column":2},"end":{"line":111,"column":77}},"67":{"start":{"line":110,"column":13},"end":{"line":110,"column":30}},"68":{"start":{"line":113,"column":30},"end":{"line":137,"column":1}},"69":{"start":{"line":122,"column":23},"end":{"line":122,"column":62}},"70":{"start":{"line":123,"column":20},"end":{"line":123,"column":22}},"71":{"start":{"line":124,"column":2},"end":{"line":129,"column":5}},"72":{"start":{"line":125,"column":4},"end":{"line":128,"column":6}},"73":{"start":{"line":130,"column":15},"end":{"line":130,"column":64}},"74":{"start":{"line":131,"column":2},"end":{"line":135,"column":6}},"75":{"start":{"line":132,"column":4},"end":{"line":135,"column":6}},"76":{"start":{"line":136,"column":2},"end":{"line":136,"column":16}},"77":{"start":{"line":113,"column":13},"end":{"line":113,"column":30}},"78":{"start":{"line":139,"column":32},"end":{"line":147,"column":1}},"79":{"start":{"line":140,"column":14},"end":{"line":142,"column":4}},"80":{"start":{"line":143,"column":2},"end":{"line":145,"column":null}},"81":{"start":{"line":144,"column":4},"end":{"line":144,"column":20}},"82":{"start":{"line":146,"column":2},"end":{"line":146,"column":20}},"83":{"start":{"line":139,"column":13},"end":{"line":139,"column":32}},"84":{"start":{"line":149,"column":29},"end":{"line":157,"column":1}},"85":{"start":{"line":150,"column":21},"end":{"line":150,"column":45}},"86":{"start":{"line":151,"column":2},"end":{"line":155,"column":6}},"87":{"start":{"line":152,"column":4},"end":{"line":155,"column":6}},"88":{"start":{"line":156,"column":2},"end":{"line":156,"column":12}},"89":{"start":{"line":149,"column":13},"end":{"line":149,"column":29}},"90":{"start":{"line":159,"column":23},"end":{"line":181,"column":2}},"91":{"start":{"line":164,"column":4},"end":{"line":181,"column":2}},"92":{"start":{"line":165,"column":17},"end":{"line":165,"column":41}},"93":{"start":{"line":166,"column":21},"end":{"line":166,"column":42}},"94":{"start":{"line":167,"column":22},"end":{"line":172,"column":4}},"95":{"start":{"line":173,"column":2},"end":{"line":179,"column":null}},"96":{"start":{"line":175,"column":6},"end":{"line":175,"column":65}},"97":{"start":{"line":176,"column":6},"end":{"line":177,"column":71}},"98":{"start":{"line":177,"column":8},"end":{"line":177,"column":71}},"99":{"start":{"line":178,"column":6},"end":{"line":178,"column":12}},"100":{"start":{"line":180,"column":2},"end":{"line":180,"column":14}},"101":{"start":{"line":159,"column":13},"end":{"line":159,"column":23}},"102":{"start":{"line":183,"column":25},"end":{"line":190,"column":2}},"103":{"start":{"line":183,"column":67},"end":{"line":190,"column":2}},"104":{"start":{"line":184,"column":22},"end":{"line":184,"column":54}},"105":{"start":{"line":185,"column":22},"end":{"line":185,"column":51}},"106":{"start":{"line":186,"column":18},"end":{"line":186,"column":50}},"107":{"start":{"line":187,"column":2},"end":{"line":187,"column":41}},"108":{"start":{"line":188,"column":2},"end":{"line":188,"column":61}},"109":{"start":{"line":189,"column":2},"end":{"line":189,"column":71}},"110":{"start":{"line":183,"column":13},"end":{"line":183,"column":25}}},"fnMap":{"0":{"name":"(anonymous_8)","decl":{"start":{"line":31,"column":25},"end":{"line":31,"column":26}},"loc":{"start":{"line":31,"column":60},"end":{"line":41,"column":1}}},"1":{"name":"(anonymous_9)","decl":{"start":{"line":36,"column":23},"end":{"line":36,"column":24}},"loc":{"start":{"line":36,"column":30},"end":{"line":36,"column":39}}},"2":{"name":"(anonymous_10)","decl":{"start":{"line":43,"column":34},"end":{"line":43,"column":41}},"loc":{"start":{"line":43,"column":74},"end":{"line":68,"column":2}}},"3":{"name":"(anonymous_11)","decl":{"start":{"line":43,"column":74},"end":{"line":43,"column":null}},"loc":{"start":{"line":43,"column":74},"end":{"line":68,"column":1}}},"4":{"name":"(anonymous_12)","decl":{"start":{"line":67,"column":40},"end":{"line":67,"column":41}},"loc":{"start":{"line":67,"column":50},"end":{"line":67,"column":73}}},"5":{"name":"(anonymous_13)","decl":{"start":{"line":70,"column":27},"end":{"line":70,"column":28}},"loc":{"start":{"line":70,"column":56},"end":{"line":79,"column":1}}},"6":{"name":"(anonymous_14)","decl":{"start":{"line":81,"column":34},"end":{"line":81,"column":35}},"loc":{"start":{"line":81,"column":70},"end":{"line":86,"column":1}}},"7":{"name":"(anonymous_15)","decl":{"start":{"line":88,"column":32},"end":{"line":88,"column":33}},"loc":{"start":{"line":88,"column":67},"end":{"line":94,"column":1}}},"8":{"name":"(anonymous_16)","decl":{"start":{"line":96,"column":25},"end":{"line":96,"column":32}},"loc":{"start":{"line":96,"column":67},"end":{"line":103,"column":2}}},"9":{"name":"(anonymous_17)","decl":{"start":{"line":96,"column":67},"end":{"line":96,"column":null}},"loc":{"start":{"line":96,"column":67},"end":{"line":103,"column":1}}},"10":{"name":"(anonymous_18)","decl":{"start":{"line":105,"column":26},"end":{"line":105,"column":27}},"loc":{"start":{"line":105,"column":80},"end":{"line":108,"column":5}}},"11":{"name":"(anonymous_19)","decl":{"start":{"line":110,"column":30},"end":{"line":110,"column":37}},"loc":{"start":{"line":110,"column":72},"end":{"line":111,"column":77}}},"12":{"name":"(anonymous_20)","decl":{"start":{"line":110,"column":72},"end":{"line":110,"column":null}},"loc":{"start":{"line":110,"column":72},"end":{"line":111,"column":77}}},"13":{"name":"(anonymous_21)","decl":{"start":{"line":113,"column":30},"end":{"line":113,"column":null}},"loc":{"start":{"line":121,"column":4},"end":{"line":137,"column":1}}},"14":{"name":"(anonymous_22)","decl":{"start":{"line":124,"column":33},"end":{"line":124,"column":34}},"loc":{"start":{"line":124,"column":46},"end":{"line":129,"column":3}}},"15":{"name":"(anonymous_23)","decl":{"start":{"line":139,"column":32},"end":{"line":139,"column":35}},"loc":{"start":{"line":139,"column":37},"end":{"line":147,"column":1}}},"16":{"name":"(anonymous_24)","decl":{"start":{"line":149,"column":29},"end":{"line":149,"column":30}},"loc":{"start":{"line":149,"column":48},"end":{"line":157,"column":1}}},"17":{"name":"(anonymous_25)","decl":{"start":{"line":159,"column":23},"end":{"line":159,"column":null}},"loc":{"start":{"line":164,"column":4},"end":{"line":181,"column":2}}},"18":{"name":"(anonymous_26)","decl":{"start":{"line":164,"column":4},"end":{"line":164,"column":null}},"loc":{"start":{"line":164,"column":4},"end":{"line":181,"column":1}}},"19":{"name":"(anonymous_27)","decl":{"start":{"line":183,"column":25},"end":{"line":183,"column":32}},"loc":{"start":{"line":183,"column":67},"end":{"line":190,"column":2}}},"20":{"name":"(anonymous_28)","decl":{"start":{"line":183,"column":67},"end":{"line":183,"column":null}},"loc":{"start":{"line":183,"column":67},"end":{"line":190,"column":1}}}},"branchMap":{"0":{"loc":{"start":{"line":38,"column":2},"end":{"line":40,"column":null}},"type":"if","locations":[{"start":{"line":38,"column":2},"end":{"line":40,"column":null}}]},"1":{"loc":{"start":{"line":45,"column":2},"end":{"line":64,"column":null}},"type":"if","locations":[{"start":{"line":45,"column":2},"end":{"line":64,"column":null}},{"start":{"line":62,"column":9},"end":{"line":64,"column":null}}]},"2":{"loc":{"start":{"line":48,"column":4},"end":{"line":50,"column":null}},"type":"if","locations":[{"start":{"line":48,"column":4},"end":{"line":50,"column":null}}]},"3":{"loc":{"start":{"line":58,"column":4},"end":{"line":60,"column":null}},"type":"if","locations":[{"start":{"line":58,"column":4},"end":{"line":60,"column":null}}]},"4":{"loc":{"start":{"line":66,"column":2},"end":{"line":66,"column":64}},"type":"if","locations":[{"start":{"line":66,"column":2},"end":{"line":66,"column":64}}]},"5":{"loc":{"start":{"line":67,"column":53},"end":{"line":67,"column":71}},"type":"cond-expr","locations":[{"start":{"line":67,"column":61},"end":{"line":67,"column":64}},{"start":{"line":67,"column":67},"end":{"line":67,"column":71}}]},"6":{"loc":{"start":{"line":73,"column":2},"end":{"line":75,"column":null}},"type":"if","locations":[{"start":{"line":73,"column":2},"end":{"line":75,"column":null}}]},"7":{"loc":{"start":{"line":82,"column":2},"end":{"line":84,"column":null}},"type":"if","locations":[{"start":{"line":82,"column":2},"end":{"line":84,"column":null}}]},"8":{"loc":{"start":{"line":91,"column":2},"end":{"line":93,"column":null}},"type":"if","locations":[{"start":{"line":91,"column":2},"end":{"line":93,"column":null}}]},"9":{"loc":{"start":{"line":98,"column":2},"end":{"line":101,"column":null}},"type":"if","locations":[{"start":{"line":98,"column":2},"end":{"line":101,"column":null}}]},"10":{"loc":{"start":{"line":106,"column":5},"end":{"line":106,"column":26}},"type":"cond-expr","locations":[{"start":{"line":106,"column":20},"end":{"line":106,"column":24}},{"start":{"line":106,"column":24},"end":{"line":106,"column":26}}]},"11":{"loc":{"start":{"line":106,"column":5},"end":{"line":106,"column":24}},"type":"binary-expr","locations":[{"start":{"line":106,"column":5},"end":{"line":106,"column":24}},{"start":{"line":106,"column":20},"end":{"line":106,"column":24}}]},"12":{"loc":{"start":{"line":107,"column":4},"end":{"line":107,"column":null}},"type":"cond-expr","locations":[{"start":{"line":107,"column":18},"end":{"line":107,"column":22}},{"start":{"line":107,"column":22},"end":{"line":107,"column":null}}]},"13":{"loc":{"start":{"line":107,"column":4},"end":{"line":107,"column":22}},"type":"binary-expr","locations":[{"start":{"line":107,"column":4},"end":{"line":107,"column":22}},{"start":{"line":107,"column":18},"end":{"line":107,"column":22}}]},"14":{"loc":{"start":{"line":111,"column":2},"end":{"line":111,"column":76}},"type":"cond-expr","locations":[{"start":{"line":111,"column":24},"end":{"line":111,"column":69}},{"start":{"line":111,"column":72},"end":{"line":111,"column":76}}]},"15":{"loc":{"start":{"line":131,"column":2},"end":{"line":135,"column":6}},"type":"if","locations":[{"start":{"line":131,"column":2},"end":{"line":135,"column":6}}]},"16":{"loc":{"start":{"line":143,"column":2},"end":{"line":145,"column":null}},"type":"if","locations":[{"start":{"line":143,"column":2},"end":{"line":145,"column":null}}]},"17":{"loc":{"start":{"line":150,"column":21},"end":{"line":150,"column":45}},"type":"cond-expr","locations":[{"start":{"line":150,"column":39},"end":{"line":150,"column":43}},{"start":{"line":150,"column":43},"end":{"line":150,"column":45}}]},"18":{"loc":{"start":{"line":150,"column":21},"end":{"line":150,"column":43}},"type":"binary-expr","locations":[{"start":{"line":150,"column":21},"end":{"line":150,"column":43}},{"start":{"line":150,"column":39},"end":{"line":150,"column":43}}]},"19":{"loc":{"start":{"line":151,"column":2},"end":{"line":155,"column":6}},"type":"if","locations":[{"start":{"line":151,"column":2},"end":{"line":155,"column":6}}]},"20":{"loc":{"start":{"line":173,"column":2},"end":{"line":179,"column":null}},"type":"switch","locations":[{"start":{"line":174,"column":4},"end":{"line":178,"column":12}}]},"21":{"loc":{"start":{"line":176,"column":6},"end":{"line":177,"column":71}},"type":"if","locations":[{"start":{"line":176,"column":6},"end":{"line":177,"column":71}}]}},"s":{"0":1,"1":1,"2":1,"3":1,"4":1,"5":1,"6":1,"7":1,"8":1,"9":1,"10":8,"11":23,"12":8,"13":1,"14":1,"15":1,"16":9,"17":9,"18":9,"19":8,"20":8,"21":1,"22":8,"23":8,"24":8,"25":1,"26":7,"27":1,"28":8,"29":1,"30":8,"31":26,"32":1,"33":1,"34":11,"35":11,"36":11,"37":1,"38":10,"39":10,"40":10,"41":1,"42":1,"43":9,"44":1,"45":8,"46":1,"47":1,"48":8,"49":7,"50":7,"51":1,"52":1,"53":1,"54":10,"55":10,"56":10,"57":2,"58":2,"59":10,"60":1,"61":1,"62":9,"63":1,"64":1,"65":10,"66":10,"67":1,"68":1,"69":9,"70":9,"71":9,"72":45,"73":9,"74":9,"75":8,"76":9,"77":1,"78":1,"79":11,"80":11,"81":1,"82":10,"83":1,"84":1,"85":9,"86":9,"87":1,"88":8,"89":1,"90":1,"91":7,"92":7,"93":7,"94":7,"95":7,"96":1,"97":1,"98":1,"99":1,"100":7,"101":1,"102":1,"103":11,"104":11,"105":10,"106":9,"107":8,"108":6,"109":6,"110":1},"f":{"0":8,"1":23,"2":9,"3":9,"4":26,"5":11,"6":9,"7":8,"8":10,"9":10,"10":9,"11":10,"12":10,"13":9,"14":45,"15":11,"16":9,"17":7,"18":7,"19":11,"20":11},"b":{"0":[1],"1":[8,1],"2":[1],"3":[1],"4":[1],"5":[7,19],"6":[1],"7":[1],"8":[1],"9":[2],"10":[8,1],"11":[9,9],"12":[7,1],"13":[8,8],"14":[9,1],"15":[8],"16":[1],"17":[3,6],"18":[9,9],"19":[1],"20":[1],"21":[1]}}
,"C:\\Users\\Vinicius Tonelli\\Documents\\GitHub\\add-git-tag\\src\\api\\index.ts": {"path":"C:\\Users\\Vinicius Tonelli\\Documents\\GitHub\\add-git-tag\\src\\api\\index.ts","statementMap":{"0":{"start":{"line":1,"column":0},"end":{"line":1,"column":66}},"1":{"start":{"line":4,"column":24},"end":{"line":4,"column":51}},"2":{"start":{"line":5,"column":4},"end":{"line":5,"column":36}},"3":{"start":{"line":3,"column":0},"end":{"line":3,"column":13}}},"fnMap":{"0":{"name":"(anonymous_1)","decl":{"start":{"line":4,"column":2},"end":{"line":4,"column":24}},"loc":{"start":{"line":4,"column":51},"end":{"line":6,"column":3}}}},"branchMap":{},"s":{"0":5,"1":15,"2":15,"3":5},"f":{"0":15},"b":{}}
,"C:\\Users\\Vinicius Tonelli\\Documents\\GitHub\\add-git-tag\\src\\api\\jira.ts": {"path":"C:\\Users\\Vinicius Tonelli\\Documents\\GitHub\\add-git-tag\\src\\api\\jira.ts","statementMap":{"0":{"start":{"line":1,"column":0},"end":{"line":1,"column":24}},"1":{"start":{"line":5,"column":4},"end":{"line":11,"column":7}},"2":{"start":{"line":15,"column":21},"end":{"line":17,"column":6}},"3":{"start":{"line":18,"column":4},"end":{"line":18,"column":16}},"4":{"start":{"line":22,"column":21},"end":{"line":26,"column":null}},"5":{"start":{"line":28,"column":4},"end":{"line":28,"column":16}},"6":{"start":{"line":32,"column":21},"end":{"line":32,"column":76}},"7":{"start":{"line":33,"column":4},"end":{"line":33,"column":16}},"8":{"start":{"line":37,"column":21},"end":{"line":39,"column":null}},"9":{"start":{"line":41,"column":4},"end":{"line":41,"column":16}},"10":{"start":{"line":45,"column":21},"end":{"line":45,"column":72}},"11":{"start":{"line":46,"column":4},"end":{"line":46,"column":16}},"12":{"start":{"line":3,"column":0},"end":{"line":3,"column":13}}},"fnMap":{"0":{"name":"(anonymous_7)","decl":{"start":{"line":4,"column":2},"end":{"line":4,"column":14}},"loc":{"start":{"line":4,"column":65},"end":{"line":12,"column":3}}},"1":{"name":"(anonymous_8)","decl":{"start":{"line":14,"column":8},"end":{"line":14,"column":21}},"loc":{"start":{"line":14,"column":35},"end":{"line":19,"column":null}}},"2":{"name":"(anonymous_10)","decl":{"start":{"line":21,"column":8},"end":{"line":21,"column":21}},"loc":{"start":{"line":21,"column":68},"end":{"line":29,"column":null}}},"3":{"name":"(anonymous_12)","decl":{"start":{"line":31,"column":8},"end":{"line":31,"column":16}},"loc":{"start":{"line":31,"column":46},"end":{"line":34,"column":null}}},"4":{"name":"(anonymous_14)","decl":{"start":{"line":36,"column":8},"end":{"line":36,"column":19}},"loc":{"start":{"line":36,"column":61},"end":{"line":42,"column":null}}},"5":{"name":"(anonymous_16)","decl":{"start":{"line":44,"column":8},"end":{"line":44,"column":21}},"loc":{"start":{"line":44,"column":34},"end":{"line":47,"column":null}}}},"branchMap":{},"s":{"0":3,"1":13,"2":1,"3":1,"4":1,"5":1,"6":1,"7":1,"8":1,"9":1,"10":1,"11":1,"12":3},"f":{"0":13,"1":1,"2":1,"3":1,"4":1,"5":1},"b":{}}
,"C:\\Users\\Vinicius Tonelli\\Documents\\GitHub\\add-git-tag\\src\\inquirers\\ask-jira-apiUrl.ts": {"path":"C:\\Users\\Vinicius Tonelli\\Documents\\GitHub\\add-git-tag\\src\\inquirers\\ask-jira-apiUrl.ts","statementMap":{"0":{"start":{"line":1,"column":0},"end":{"line":1,"column":56}},"1":{"start":{"line":4,"column":37},"end":{"line":9,"column":2}},"2":{"start":{"line":12,"column":2},"end":{"line":15,"column":null}},"3":{"start":{"line":13,"column":23},"end":{"line":13,"column":54}},"4":{"start":{"line":14,"column":4},"end":{"line":14,"column":32}},"5":{"start":{"line":16,"column":2},"end":{"line":16,"column":16}},"6":{"start":{"line":11,"column":0},"end":{"line":11,"column":31}}},"fnMap":{"0":{"name":"default_1","decl":{"start":{"line":11,"column":0},"end":{"line":11,"column":31}},"loc":{"start":{"line":11,"column":45},"end":{"line":17,"column":null}}}},"branchMap":{"0":{"loc":{"start":{"line":12,"column":2},"end":{"line":15,"column":null}},"type":"if","locations":[{"start":{"line":12,"column":2},"end":{"line":15,"column":null}}]}},"s":{"0":1,"1":1,"2":1,"3":1,"4":1,"5":1,"6":1},"f":{"0":1},"b":{"0":[1]}}
,"C:\\Users\\Vinicius Tonelli\\Documents\\GitHub\\add-git-tag\\src\\inquirers\\ask-jira-email.ts": {"path":"C:\\Users\\Vinicius Tonelli\\Documents\\GitHub\\add-git-tag\\src\\inquirers\\ask-jira-email.ts","statementMap":{"0":{"start":{"line":1,"column":0},"end":{"line":1,"column":56}},"1":{"start":{"line":4,"column":37},"end":{"line":9,"column":2}},"2":{"start":{"line":12,"column":2},"end":{"line":15,"column":null}},"3":{"start":{"line":13,"column":22},"end":{"line":13,"column":53}},"4":{"start":{"line":14,"column":4},"end":{"line":14,"column":30}},"5":{"start":{"line":16,"column":2},"end":{"line":16,"column":16}},"6":{"start":{"line":11,"column":0},"end":{"line":11,"column":31}}},"fnMap":{"0":{"name":"default_1","decl":{"start":{"line":11,"column":0},"end":{"line":11,"column":31}},"loc":{"start":{"line":11,"column":45},"end":{"line":17,"column":null}}}},"branchMap":{"0":{"loc":{"start":{"line":12,"column":2},"end":{"line":15,"column":null}},"type":"if","locations":[{"start":{"line":12,"column":2},"end":{"line":15,"column":null}}]}},"s":{"0":1,"1":1,"2":1,"3":1,"4":1,"5":1,"6":1},"f":{"0":1},"b":{"0":[1]}}
,"C:\\Users\\Vinicius Tonelli\\Documents\\GitHub\\add-git-tag\\src\\inquirers\\ask-jira-projectName.ts": {"path":"C:\\Users\\Vinicius Tonelli\\Documents\\GitHub\\add-git-tag\\src\\inquirers\\ask-jira-projectName.ts","statementMap":{"0":{"start":{"line":1,"column":0},"end":{"line":1,"column":56}},"1":{"start":{"line":4,"column":37},"end":{"line":9,"column":2}},"2":{"start":{"line":12,"column":2},"end":{"line":15,"column":null}},"3":{"start":{"line":13,"column":28},"end":{"line":13,"column":59}},"4":{"start":{"line":14,"column":4},"end":{"line":14,"column":42}},"5":{"start":{"line":16,"column":2},"end":{"line":16,"column":16}},"6":{"start":{"line":11,"column":0},"end":{"line":11,"column":31}}},"fnMap":{"0":{"name":"default_1","decl":{"start":{"line":11,"column":0},"end":{"line":11,"column":31}},"loc":{"start":{"line":11,"column":45},"end":{"line":17,"column":null}}}},"branchMap":{"0":{"loc":{"start":{"line":12,"column":2},"end":{"line":15,"column":null}},"type":"if","locations":[{"start":{"line":12,"column":2},"end":{"line":15,"column":null}}]}},"s":{"0":1,"1":1,"2":1,"3":1,"4":1,"5":1,"6":1},"f":{"0":1},"b":{"0":[1]}}
,"C:\\Users\\Vinicius Tonelli\\Documents\\GitHub\\add-git-tag\\src\\inquirers\\ask-jira-token.ts": {"path":"C:\\Users\\Vinicius Tonelli\\Documents\\GitHub\\add-git-tag\\src\\inquirers\\ask-jira-token.ts","statementMap":{"0":{"start":{"line":1,"column":0},"end":{"line":1,"column":56}},"1":{"start":{"line":4,"column":37},"end":{"line":9,"column":2}},"2":{"start":{"line":12,"column":2},"end":{"line":15,"column":null}},"3":{"start":{"line":13,"column":22},"end":{"line":13,"column":53}},"4":{"start":{"line":14,"column":4},"end":{"line":14,"column":30}},"5":{"start":{"line":16,"column":2},"end":{"line":16,"column":16}},"6":{"start":{"line":11,"column":0},"end":{"line":11,"column":31}}},"fnMap":{"0":{"name":"default_1","decl":{"start":{"line":11,"column":0},"end":{"line":11,"column":31}},"loc":{"start":{"line":11,"column":45},"end":{"line":17,"column":null}}}},"branchMap":{"0":{"loc":{"start":{"line":12,"column":2},"end":{"line":15,"column":null}},"type":"if","locations":[{"start":{"line":12,"column":2},"end":{"line":15,"column":null}}]}},"s":{"0":1,"1":1,"2":1,"3":1,"4":1,"5":1,"6":1},"f":{"0":1},"b":{"0":[1]}}
,"C:\\Users\\Vinicius Tonelli\\Documents\\GitHub\\add-git-tag\\src\\inquirers\\index.ts": {"path":"C:\\Users\\Vinicius Tonelli\\Documents\\GitHub\\add-git-tag\\src\\inquirers\\index.ts","statementMap":{"0":{"start":{"line":1,"column":0},"end":{"line":1,"column":47}},"1":{"start":{"line":2,"column":0},"end":{"line":2,"column":46}},"2":{"start":{"line":3,"column":0},"end":{"line":3,"column":44}},"3":{"start":{"line":4,"column":0},"end":{"line":4,"column":56}},"4":{"start":{"line":5,"column":0},"end":{"line":5,"column":44}},"5":{"start":{"line":7,"column":13},"end":{"line":7,"column":76}},"6":{"start":{"line":10,"column":2},"end":{"line":10,"column":51}},"7":{"start":{"line":10,"column":20},"end":{"line":10,"column":51}},"8":{"start":{"line":11,"column":2},"end":{"line":11,"column":64}},"9":{"start":{"line":11,"column":43},"end":{"line":11,"column":62}},"10":{"start":{"line":11,"column":44},"end":{"line":11,"column":62}},"11":{"start":{"line":12,"column":2},"end":{"line":12,"column":16}},"12":{"start":{"line":9,"column":0},"end":{"line":9,"column":30}}},"fnMap":{"0":{"name":"inquirersAsk","decl":{"start":{"line":9,"column":30},"end":{"line":9,"column":42}},"loc":{"start":{"line":9,"column":57},"end":{"line":13,"column":null}}},"1":{"name":"(anonymous_10)","decl":{"start":{"line":11,"column":29},"end":{"line":11,"column":36}},"loc":{"start":{"line":11,"column":43},"end":{"line":11,"column":62}}},"2":{"name":"(anonymous_11)","decl":{"start":{"line":11,"column":43},"end":{"line":11,"column":44}},"loc":{"start":{"line":11,"column":43},"end":{"line":11,"column":62}}}},"branchMap":{"0":{"loc":{"start":{"line":10,"column":2},"end":{"line":10,"column":51}},"type":"if","locations":[{"start":{"line":10,"column":2},"end":{"line":10,"column":51}}]}},"s":{"0":1,"1":1,"2":1,"3":1,"4":1,"5":1,"6":1,"7":1,"8":1,"9":4,"10":4,"11":1,"12":1},"f":{"0":1,"1":4,"2":4},"b":{"0":[1]}}
,"C:\\Users\\Vinicius Tonelli\\Documents\\GitHub\\add-git-tag\\src\\provider\\index.ts": {"path":"C:\\Users\\Vinicius Tonelli\\Documents\\GitHub\\add-git-tag\\src\\provider\\index.ts","statementMap":{"0":{"start":{"line":6,"column":24},"end":{"line":6,"column":38}},"1":{"start":{"line":6,"column":50},"end":{"line":6,"column":60}},"2":{"start":{"line":9,"column":4},"end":{"line":9,"column":46}},"3":{"start":{"line":5,"column":0},"end":{"line":5,"column":13}}},"fnMap":{"0":{"name":"(anonymous_0)","decl":{"start":{"line":6,"column":2},"end":{"line":6,"column":24}},"loc":{"start":{"line":6,"column":60},"end":{"line":6,"column":64}}},"1":{"name":"(anonymous_1)","decl":{"start":{"line":8,"column":2},"end":{"line":8,"column":11}},"loc":{"start":{"line":8,"column":45},"end":{"line":10,"column":3}}}},"branchMap":{},"s":{"0":2,"1":2,"2":1,"3":2},"f":{"0":2,"1":1},"b":{}}
,"C:\\Users\\Vinicius Tonelli\\Documents\\GitHub\\add-git-tag\\src\\provider\\jira.ts": {"path":"C:\\Users\\Vinicius Tonelli\\Documents\\GitHub\\add-git-tag\\src\\provider\\jira.ts","statementMap":{"0":{"start":{"line":1,"column":0},"end":{"line":1,"column":29}},"1":{"start":{"line":2,"column":0},"end":{"line":2,"column":38}},"2":{"start":{"line":4,"column":0},"end":{"line":4,"column":46}},"3":{"start":{"line":8,"column":4},"end":{"line":14,"column":6}},"4":{"start":{"line":7,"column":24},"end":{"line":7,"column":38}},"5":{"start":{"line":6,"column":0},"end":{"line":6,"column":13}}},"fnMap":{"0":{"name":"(anonymous_0)","decl":{"start":{"line":7,"column":2},"end":{"line":7,"column":24}},"loc":{"start":{"line":7,"column":38},"end":{"line":15,"column":3}}}},"branchMap":{},"s":{"0":1,"1":1,"2":1,"3":1,"4":1,"5":1},"f":{"0":1},"b":{}}
,"C:\\Users\\Vinicius Tonelli\\Documents\\GitHub\\add-git-tag\\src\\release\\index.ts": {"path":"C:\\Users\\Vinicius Tonelli\\Documents\\GitHub\\add-git-tag\\src\\release\\index.ts","statementMap":{"0":{"start":{"line":5,"column":24},"end":{"line":5,"column":30}},"1":{"start":{"line":5,"column":42},"end":{"line":5,"column":56}},"2":{"start":{"line":4,"column":0},"end":{"line":4,"column":22}}},"fnMap":{"0":{"name":"(anonymous_0)","decl":{"start":{"line":5,"column":2},"end":{"line":5,"column":24}},"loc":{"start":{"line":5,"column":56},"end":{"line":5,"column":60}}}},"branchMap":{},"s":{"0":8,"1":8,"2":3},"f":{"0":8},"b":{}}
,"C:\\Users\\Vinicius Tonelli\\Documents\\GitHub\\add-git-tag\\src\\release\\jira.ts": {"path":"C:\\Users\\Vinicius Tonelli\\Documents\\GitHub\\add-git-tag\\src\\release\\jira.ts","statementMap":{"0":{"start":{"line":1,"column":0},"end":{"line":1,"column":28}},"1":{"start":{"line":3,"column":0},"end":{"line":3,"column":39}},"2":{"start":{"line":7,"column":4},"end":{"line":14,"column":null}},"3":{"start":{"line":8,"column":19},"end":{"line":8,"column":77}},"4":{"start":{"line":9,"column":6},"end":{"line":13,"column":null}},"5":{"start":{"line":10,"column":8},"end":{"line":10,"column":63}},"6":{"start":{"line":11,"column":8},"end":{"line":11,"column":57}},"7":{"start":{"line":12,"column":8},"end":{"line":12,"column":32}},"8":{"start":{"line":18,"column":4},"end":{"line":18,"column":40}},"9":{"start":{"line":19,"column":17},"end":{"line":19,"column":79}},"10":{"start":{"line":20,"column":4},"end":{"line":20,"column":53}},"11":{"start":{"line":20,"column":30},"end":{"line":20,"column":53}},"12":{"start":{"line":21,"column":4},"end":{"line":27,"column":7}},"13":{"start":{"line":31,"column":4},"end":{"line":42,"column":6}},"14":{"start":{"line":32,"column":36},"end":{"line":41,"column":8}},"15":{"start":{"line":33,"column":22},"end":{"line":33,"column":55}},"16":{"start":{"line":34,"column":28},"end":{"line":34,"column":59}},"17":{"start":{"line":35,"column":8},"end":{"line":40,"column":null}},"18":{"start":{"line":36,"column":44},"end":{"line":36,"column":76}},"19":{"start":{"line":38,"column":10},"end":{"line":38,"column":36}},"20":{"start":{"line":39,"column":10},"end":{"line":39,"column":77}},"21":{"start":{"line":46,"column":20},"end":{"line":46,"column":68}},"22":{"start":{"line":47,"column":19},"end":{"line":47,"column":51}},"23":{"start":{"line":48,"column":4},"end":{"line":48,"column":54}},"24":{"start":{"line":49,"column":4},"end":{"line":49,"column":16}},"25":{"start":{"line":53,"column":19},"end":{"line":55,"column":null}},"26":{"start":{"line":57,"column":4},"end":{"line":57,"column":73}},"27":{"start":{"line":57,"column":48},"end":{"line":57,"column":71}},"28":{"start":{"line":5,"column":0},"end":{"line":5,"column":13}}},"fnMap":{"0":{"name":"(anonymous_7)","decl":{"start":{"line":6,"column":8},"end":{"line":6,"column":30}},"loc":{"start":{"line":6,"column":30},"end":{"line":15,"column":null}}},"1":{"name":"(anonymous_9)","decl":{"start":{"line":17,"column":8},"end":{"line":17,"column":26}},"loc":{"start":{"line":17,"column":60},"end":{"line":28,"column":null}}},"2":{"name":"(anonymous_11)","decl":{"start":{"line":30,"column":8},"end":{"line":30,"column":29}},"loc":{"start":{"line":30,"column":60},"end":{"line":43,"column":null}}},"3":{"name":"(anonymous_13)","decl":{"start":{"line":32,"column":17},"end":{"line":32,"column":24}},"loc":{"start":{"line":32,"column":36},"end":{"line":41,"column":8}}},"4":{"name":"(anonymous_14)","decl":{"start":{"line":32,"column":36},"end":{"line":32,"column":null}},"loc":{"start":{"line":32,"column":36},"end":{"line":41,"column":7}}},"5":{"name":"(anonymous_15)","decl":{"start":{"line":36,"column":28},"end":{"line":36,"column":29}},"loc":{"start":{"line":36,"column":44},"end":{"line":36,"column":76}}},"6":{"name":"(anonymous_16)","decl":{"start":{"line":45,"column":8},"end":{"line":45,"column":10}},"loc":{"start":{"line":45,"column":44},"end":{"line":50,"column":null}}},"7":{"name":"(anonymous_18)","decl":{"start":{"line":52,"column":2},"end":{"line":52,"column":16}},"loc":{"start":{"line":52,"column":36},"end":{"line":58,"column":3}}},"8":{"name":"(anonymous_19)","decl":{"start":{"line":57,"column":41},"end":{"line":57,"column":42}},"loc":{"start":{"line":57,"column":48},"end":{"line":57,"column":71}}}},"branchMap":{"0":{"loc":{"start":{"line":7,"column":4},"end":{"line":14,"column":null}},"type":"if","locations":[{"start":{"line":7,"column":4},"end":{"line":14,"column":null}}]},"1":{"loc":{"start":{"line":7,"column":8},"end":{"line":7,"column":67}},"type":"binary-expr","locations":[{"start":{"line":7,"column":8},"end":{"line":7,"column":35}},{"start":{"line":7,"column":39},"end":{"line":7,"column":67}}]},"2":{"loc":{"start":{"line":9,"column":6},"end":{"line":13,"column":null}},"type":"if","locations":[{"start":{"line":9,"column":6},"end":{"line":13,"column":null}}]},"3":{"loc":{"start":{"line":9,"column":10},"end":{"line":9,"column":30}},"type":"cond-expr","locations":[{"start":{"line":9,"column":22},"end":{"line":9,"column":24}},{"start":{"line":9,"column":22},"end":{"line":9,"column":30}}]},"4":{"loc":{"start":{"line":9,"column":10},"end":{"line":9,"column":24}},"type":"binary-expr","locations":[{"start":{"line":9,"column":10},"end":{"line":9,"column":24}},{"start":{"line":9,"column":22},"end":{"line":9,"column":24}}]},"5":{"loc":{"start":{"line":9,"column":10},"end":{"line":9,"column":22}},"type":"cond-expr","locations":[{"start":{"line":9,"column":14},"end":{"line":9,"column":16}},{"start":{"line":9,"column":10},"end":{"line":9,"column":22}}]},"6":{"loc":{"start":{"line":9,"column":10},"end":{"line":9,"column":16}},"type":"binary-expr","locations":[{"start":{"line":9,"column":10},"end":{"line":9,"column":16}},{"start":{"line":9,"column":10},"end":{"line":9,"column":16}}]},"7":{"loc":{"start":{"line":20,"column":4},"end":{"line":20,"column":53}},"type":"if","locations":[{"start":{"line":20,"column":4},"end":{"line":20,"column":53}}]},"8":{"loc":{"start":{"line":20,"column":8},"end":{"line":20,"column":28}},"type":"cond-expr","locations":[{"start":{"line":20,"column":20},"end":{"line":20,"column":22}},{"start":{"line":20,"column":20},"end":{"line":20,"column":28}}]},"9":{"loc":{"start":{"line":20,"column":8},"end":{"line":20,"column":22}},"type":"binary-expr","locations":[{"start":{"line":20,"column":8},"end":{"line":20,"column":22}},{"start":{"line":20,"column":20},"end":{"line":20,"column":22}}]},"10":{"loc":{"start":{"line":20,"column":8},"end":{"line":20,"column":20}},"type":"cond-expr","locations":[{"start":{"line":20,"column":12},"end":{"line":20,"column":14}},{"start":{"line":20,"column":8},"end":{"line":20,"column":20}}]},"11":{"loc":{"start":{"line":20,"column":8},"end":{"line":20,"column":14}},"type":"binary-expr","locations":[{"start":{"line":20,"column":8},"end":{"line":20,"column":14}},{"start":{"line":20,"column":8},"end":{"line":20,"column":14}}]},"12":{"loc":{"start":{"line":20,"column":37},"end":{"line":20,"column":52}},"type":"cond-expr","locations":[{"start":{"line":20,"column":41},"end":{"line":20,"column":43}},{"start":{"line":20,"column":37},"end":{"line":20,"column":52}}]},"13":{"loc":{"start":{"line":20,"column":37},"end":{"line":20,"column":43}},"type":"binary-expr","locations":[{"start":{"line":20,"column":37},"end":{"line":20,"column":43}},{"start":{"line":20,"column":37},"end":{"line":20,"column":43}}]},"14":{"loc":{"start":{"line":34,"column":28},"end":{"line":34,"column":59}},"type":"cond-expr","locations":[{"start":{"line":34,"column":53},"end":{"line":34,"column":57}},{"start":{"line":34,"column":57},"end":{"line":34,"column":59}}]},"15":{"loc":{"start":{"line":34,"column":28},"end":{"line":34,"column":57}},"type":"binary-expr","locations":[{"start":{"line":34,"column":28},"end":{"line":34,"column":57}},{"start":{"line":34,"column":53},"end":{"line":34,"column":57}}]},"16":{"loc":{"start":{"line":34,"column":28},"end":{"line":34,"column":53}},"type":"cond-expr","locations":[{"start":{"line":34,"column":40},"end":{"line":34,"column":42}},{"start":{"line":34,"column":40},"end":{"line":34,"column":53}}]},"17":{"loc":{"start":{"line":34,"column":28},"end":{"line":34,"column":42}},"type":"binary-expr","locations":[{"start":{"line":34,"column":28},"end":{"line":34,"column":42}},{"start":{"line":34,"column":40},"end":{"line":34,"column":42}}]},"18":{"loc":{"start":{"line":35,"column":8},"end":{"line":40,"column":null}},"type":"if","locations":[{"start":{"line":35,"column":8},"end":{"line":40,"column":null}}]}},"s":{"0":2,"1":2,"2":3,"3":3,"4":3,"5":3,"6":3,"7":3,"8":2,"9":2,"10":2,"11":1,"12":1,"13":1,"14":2,"15":2,"16":2,"17":2,"18":1,"19":1,"20":1,"21":1,"22":1,"23":1,"24":1,"25":1,"26":1,"27":3,"28":2},"f":{"0":3,"1":2,"2":1,"3":2,"4":2,"5":1,"6":1,"7":1,"8":3},"b":{"0":[3],"1":[3,0],"2":[3],"3":[0,3],"4":[3,3],"5":[0,3],"6":[3,3],"7":[1],"8":[0,2],"9":[2,2],"10":[0,2],"11":[2,2],"12":[0,1],"13":[1,1],"14":[2,0],"15":[2,2],"16":[0,2],"17":[2,2],"18":[1]}}
}
