TN:
SF:src/cli.ts
FN:6,(anonymous_7)
FN:11,(anonymous_8)
FN:12,(anonymous_9)
FN:12,(anonymous_10)
FNF:4
FNH:4
FNDA:2,(anonymous_7)
FNDA:2,(anonymous_8)
FNDA:2,(anonymous_9)
FNDA:2,(anonymous_10)
DA:3,1
DA:4,1
DA:6,1
DA:7,2
DA:8,2
DA:11,1
DA:12,2
DA:13,2
DA:14,2
DA:16,1
DA:17,1
DA:22,1
DA:55,1
LF:13
LH:13
BRF:0
BRH:0
end_of_record
TN:
SF:src/config.ts
FN:14,(anonymous_1)
FN:23,(anonymous_2)
FN:30,(anonymous_3)
FN:37,loadConfig
FN:41,saveConfig
FNF:5
FNH:5
FNDA:41,(anonymous_1)
FNDA:33,(anonymous_2)
FNDA:6,(anonymous_3)
FNDA:20,loadConfig
FNDA:2,saveConfig
DA:1,9
DA:2,9
DA:3,9
DA:5,9
DA:14,9
DA:15,41
DA:16,41
DA:18,41
DA:19,41
DA:22,9
DA:23,33
DA:24,33
DA:25,33
DA:26,33
DA:27,4
DA:30,33
DA:31,6
DA:32,6
DA:33,6
DA:37,9
DA:38,20
DA:41,9
DA:42,2
DA:43,2
DA:49,9
DA:51,9
LF:26
LH:26
BRDA:25,0,0,29
BRDA:26,1,0,4
BRF:2
BRH:2
end_of_record
TN:
SF:src/index.ts
FN:33,(anonymous_8)
FN:38,(anonymous_9)
FN:45,(anonymous_10)
FN:45,(anonymous_11)
FN:75,(anonymous_12)
FN:78,(anonymous_13)
FN:89,(anonymous_14)
FN:96,(anonymous_15)
FN:104,(anonymous_16)
FN:104,(anonymous_17)
FN:113,(anonymous_18)
FN:118,(anonymous_19)
FN:118,(anonymous_20)
FN:123,(anonymous_21)
FN:134,(anonymous_22)
FN:149,(anonymous_23)
FN:159,(anonymous_24)
FN:169,(anonymous_25)
FN:174,(anonymous_26)
FN:193,(anonymous_27)
FN:193,(anonymous_28)
FNF:21
FNH:21
FNDA:9,(anonymous_8)
FNDA:15,(anonymous_9)
FNDA:11,(anonymous_10)
FNDA:11,(anonymous_11)
FNDA:15,(anonymous_12)
FNDA:13,(anonymous_13)
FNDA:10,(anonymous_14)
FNDA:9,(anonymous_15)
FNDA:11,(anonymous_16)
FNDA:11,(anonymous_17)
FNDA:10,(anonymous_18)
FNDA:12,(anonymous_19)
FNDA:12,(anonymous_20)
FNDA:10,(anonymous_21)
FNDA:50,(anonymous_22)
FNDA:12,(anonymous_23)
FNDA:10,(anonymous_24)
FNDA:8,(anonymous_25)
FNDA:8,(anonymous_26)
FNDA:13,(anonymous_27)
FNDA:13,(anonymous_28)
DA:1,1
DA:2,1
DA:3,1
DA:4,1
DA:5,1
DA:9,1
DA:10,1
DA:11,1
DA:23,1
DA:33,1
DA:34,9
DA:38,15
DA:40,9
DA:41,1
DA:45,11
DA:46,11
DA:47,11
DA:48,2
DA:49,2
DA:50,1
DA:52,1
DA:53,9
DA:54,8
DA:56,8
DA:57,3
DA:60,8
DA:63,8
DA:66,8
DA:67,1
DA:69,7
DA:71,1
DA:74,9
DA:75,15
DA:78,1
DA:79,13
DA:80,13
DA:81,13
DA:82,1
DA:84,12
DA:85,12
DA:86,12
DA:89,1
DA:90,10
DA:91,1
DA:93,9
DA:96,1
DA:97,9
DA:98,8
DA:99,8
DA:100,1
DA:104,11
DA:105,11
DA:106,11
DA:107,2
DA:108,2
DA:110,11
DA:113,1
DA:114,10
DA:118,12
DA:119,12
DA:123,1
DA:132,10
DA:133,10
DA:134,10
DA:135,50
DA:140,10
DA:141,10
DA:142,9
DA:146,10
DA:149,1
DA:150,12
DA:153,12
DA:154,1
DA:156,11
DA:159,1
DA:160,10
DA:161,10
DA:162,1
DA:166,9
DA:169,1
DA:174,8
DA:175,8
DA:176,8
DA:177,8
DA:183,8
DA:185,1
DA:186,1
DA:187,1
DA:188,1
DA:190,8
DA:193,13
DA:194,13
DA:195,12
DA:196,10
DA:197,9
DA:198,7
DA:199,7
LF:97
LH:97
BRDA:40,0,0,1
BRDA:47,1,0,2
BRDA:47,1,1,9
BRDA:49,2,0,1
BRDA:53,3,0,8
BRDA:53,3,1,1
BRDA:56,4,0,3
BRDA:66,5,0,1
BRDA:74,6,0,6
BRDA:75,7,0,8
BRDA:75,7,1,7
BRDA:81,8,0,1
BRDA:90,9,0,1
BRDA:99,10,0,1
BRDA:106,11,0,2
BRDA:114,12,0,9
BRDA:114,12,1,1
BRDA:114,13,0,10
BRDA:114,13,1,10
BRDA:115,14,0,8
BRDA:115,14,1,1
BRDA:115,15,0,9
BRDA:115,15,1,9
BRDA:119,16,0,11
BRDA:119,16,1,1
BRDA:119,17,0,12
BRDA:119,17,1,1
BRDA:141,18,0,9
BRDA:153,19,0,1
BRDA:160,20,0,3
BRDA:160,20,1,7
BRDA:160,21,0,10
BRDA:160,21,1,10
BRDA:161,22,0,1
BRDA:183,23,0,1
BRDA:186,24,0,1
BRF:36
BRH:36
end_of_record
TN:
SF:src/api/index.ts
FN:4,(anonymous_1)
FNF:1
FNH:1
FNDA:15,(anonymous_1)
DA:1,5
DA:3,5
DA:4,15
DA:5,15
LF:4
LH:4
BRF:0
BRH:0
end_of_record
TN:
SF:src/api/jira.ts
FN:4,(anonymous_7)
FN:14,(anonymous_8)
FN:21,(anonymous_10)
FN:31,(anonymous_12)
FN:36,(anonymous_14)
FN:44,(anonymous_16)
FNF:6
FNH:6
FNDA:13,(anonymous_7)
FNDA:1,(anonymous_8)
FNDA:1,(anonymous_10)
FNDA:1,(anonymous_12)
FNDA:1,(anonymous_14)
FNDA:1,(anonymous_16)
DA:1,3
DA:3,3
DA:5,13
DA:15,1
DA:18,1
DA:22,1
DA:28,1
DA:32,1
DA:33,1
DA:37,1
DA:41,1
DA:45,1
DA:46,1
LF:13
LH:13
BRF:0
BRH:0
end_of_record
TN:
SF:src/inquirers/ask-jira-apiUrl.ts
FN:11,default_1
FNF:1
FNH:1
FNDA:1,default_1
DA:1,1
DA:4,1
DA:11,1
DA:12,1
DA:13,1
DA:14,1
DA:16,1
LF:7
LH:7
BRDA:12,0,0,1
BRF:1
BRH:1
end_of_record
TN:
SF:src/inquirers/ask-jira-email.ts
FN:11,default_1
FNF:1
FNH:1
FNDA:1,default_1
DA:1,1
DA:4,1
DA:11,1
DA:12,1
DA:13,1
DA:14,1
DA:16,1
LF:7
LH:7
BRDA:12,0,0,1
BRF:1
BRH:1
end_of_record
TN:
SF:src/inquirers/ask-jira-projectName.ts
FN:11,default_1
FNF:1
FNH:1
FNDA:1,default_1
DA:1,1
DA:4,1
DA:11,1
DA:12,1
DA:13,1
DA:14,1
DA:16,1
LF:7
LH:7
BRDA:12,0,0,1
BRF:1
BRH:1
end_of_record
TN:
SF:src/inquirers/ask-jira-token.ts
FN:11,default_1
FNF:1
FNH:1
FNDA:1,default_1
DA:1,1
DA:4,1
DA:11,1
DA:12,1
DA:13,1
DA:14,1
DA:16,1
LF:7
LH:7
BRDA:12,0,0,1
BRF:1
BRH:1
end_of_record
TN:
SF:src/inquirers/index.ts
FN:9,inquirersAsk
FNF:1
FNH:1
FNDA:1,inquirersAsk
DA:1,1
DA:2,1
DA:3,1
DA:4,1
DA:5,1
DA:7,1
DA:9,1
DA:10,1
DA:11,4
DA:12,1
LF:10
LH:10
BRDA:10,0,0,1
BRF:1
BRH:1
end_of_record
TN:
SF:src/provider/index.ts
FN:6,(anonymous_0)
FN:8,(anonymous_1)
FNF:2
FNH:2
FNDA:2,(anonymous_0)
FNDA:1,(anonymous_1)
DA:5,2
DA:6,2
DA:9,1
LF:3
LH:3
BRF:0
BRH:0
end_of_record
TN:
SF:src/provider/jira.ts
FN:7,(anonymous_0)
FNF:1
FNH:1
FNDA:1,(anonymous_0)
DA:1,1
DA:2,1
DA:4,1
DA:6,1
DA:7,1
DA:8,1
LF:6
LH:6
BRF:0
BRH:0
end_of_record
TN:
SF:src/release/index.ts
FN:5,(anonymous_0)
FNF:1
FNH:1
FNDA:8,(anonymous_0)
DA:4,3
DA:5,8
LF:2
LH:2
BRF:0
BRH:0
end_of_record
TN:
SF:src/release/jira.ts
FN:6,(anonymous_7)
FN:17,(anonymous_9)
FN:30,(anonymous_11)
FN:32,(anonymous_13)
FN:32,(anonymous_14)
FN:36,(anonymous_15)
FN:45,(anonymous_16)
FN:52,(anonymous_18)
FN:57,(anonymous_19)
FNF:9
FNH:9
FNDA:3,(anonymous_7)
FNDA:2,(anonymous_9)
FNDA:1,(anonymous_11)
FNDA:2,(anonymous_13)
FNDA:2,(anonymous_14)
FNDA:1,(anonymous_15)
FNDA:1,(anonymous_16)
FNDA:1,(anonymous_18)
FNDA:3,(anonymous_19)
DA:1,2
DA:3,2
DA:5,2
DA:7,3
DA:8,3
DA:9,3
DA:10,3
DA:11,3
DA:12,3
DA:18,2
DA:19,2
DA:20,2
DA:21,1
DA:31,1
DA:32,2
DA:33,2
DA:34,2
DA:35,2
DA:36,1
DA:38,1
DA:39,1
DA:46,1
DA:47,1
DA:48,1
DA:49,1
DA:53,1
DA:57,3
LF:27
LH:27
BRDA:7,0,0,3
BRDA:7,1,0,3
BRDA:7,1,1,0
BRDA:9,2,0,3
BRDA:9,3,0,0
BRDA:9,3,1,3
BRDA:9,4,0,3
BRDA:9,4,1,3
BRDA:9,5,0,0
BRDA:9,5,1,3
BRDA:9,6,0,3
BRDA:9,6,1,3
BRDA:20,7,0,1
BRDA:20,8,0,0
BRDA:20,8,1,2
BRDA:20,9,0,2
BRDA:20,9,1,2
BRDA:20,10,0,0
BRDA:20,10,1,2
BRDA:20,11,0,2
BRDA:20,11,1,2
BRDA:20,12,0,0
BRDA:20,12,1,1
BRDA:20,13,0,1
BRDA:20,13,1,1
BRDA:34,14,0,2
BRDA:34,14,1,0
BRDA:34,15,0,2
BRDA:34,15,1,2
BRDA:34,16,0,0
BRDA:34,16,1,2
BRDA:34,17,0,2
BRDA:34,17,1,2
BRDA:35,18,0,1
BRDA:57,19,0,1
BRDA:57,19,1,0
BRDA:57,20,0,1
BRDA:57,20,1,1
BRDA:57,21,0,0
BRDA:57,21,1,1
BRDA:57,22,0,1
BRDA:57,22,1,1
BRF:42
BRH:32
end_of_record
