TN:
SF:src\index.ts
FN:5,(anonymous_0)
FN:10,(anonymous_1)
FN:17,(anonymous_2)
FN:37,(anonymous_3)
FN:40,(anonymous_4)
FN:54,(anonymous_5)
FN:62,(anonymous_6)
FNF:7
FNH:7
FNDA:5,(anonymous_0)
FNDA:17,(anonymous_1)
FNDA:8,(anonymous_2)
FNDA:25,(anonymous_3)
FNDA:7,(anonymous_4)
FNDA:5,(anonymous_5)
FNDA:8,(anonymous_6)
DA:5,1
DA:6,5
DA:10,17
DA:12,5
DA:13,1
DA:17,1
DA:18,8
DA:19,8
DA:21,8
DA:22,1
DA:25,8
DA:28,8
DA:31,8
DA:32,1
DA:34,7
DA:36,7
DA:37,25
DA:40,1
DA:41,7
DA:42,7
DA:43,7
DA:44,1
DA:46,6
DA:47,6
DA:48,6
DA:49,1
DA:51,5
DA:54,1
DA:55,5
DA:56,4
DA:57,4
DA:58,1
DA:62,1
DA:63,8
DA:64,7
DA:65,5
DA:66,3
LF:37
LH:37
BRDA:12,0,0,1
BRDA:12,0,1,4
BRDA:21,1,0,1
BRDA:21,1,1,7
BRDA:31,2,0,1
BRDA:31,2,1,7
BRDA:36,3,0,1
BRDA:36,3,1,6
BRDA:37,4,0,7
BRDA:37,4,1,18
BRDA:43,5,0,1
BRDA:43,5,1,6
BRDA:48,6,0,1
BRDA:48,6,1,5
BRDA:57,7,0,1
BRDA:57,7,1,3
BRDA:62,8,0,6
BRF:17
BRH:17
end_of_record
